<?xml version="1.0" encoding="UTF-8"?>
<testng-results skipped="0" failed="0" total="2" passed="2">
  <reporter-output>
  </reporter-output>
  <suite name="Suite" duration-ms="24273" started-at="2016-10-23T08:43:28Z" finished-at="2016-10-23T08:43:52Z">
    <groups>
    </groups>
    <test name="Test" duration-ms="24273" started-at="2016-10-23T08:43:28Z" finished-at="2016-10-23T08:43:52Z">
      <class name="testcases.TC_002">
        <test-method status="PASS" signature="bMet()[pri:0, instance:testcases.TC_002@6b09bb57]" name="bMet" is-config="true" duration-ms="9154" started-at="2016-10-23T01:43:42Z" finished-at="2016-10-23T01:43:51Z">
          <reporter-output>
          </reporter-output>
        </test-method> <!-- bMet -->
        <test-method status="PASS" signature="tCase1()[pri:0, instance:testcases.TC_002@6b09bb57]" name="tCase1" duration-ms="186" started-at="2016-10-23T01:43:51Z" finished-at="2016-10-23T01:43:51Z">
          <reporter-output>
          </reporter-output>
        </test-method> <!-- tCase1 -->
        <test-method status="PASS" signature="aMet()[pri:0, instance:testcases.TC_002@6b09bb57]" name="aMet" is-config="true" duration-ms="1401" started-at="2016-10-23T01:43:51Z" finished-at="2016-10-23T01:43:52Z">
          <reporter-output>
          </reporter-output>
        </test-method> <!-- aMet -->
      </class> <!-- testcases.TC_002 -->
      <class name="testcases.TC_001">
        <test-method status="PASS" signature="bMet()[pri:0, instance:testcases.TC_001@63753b6d]" name="bMet" is-config="true" duration-ms="11504" started-at="2016-10-23T01:43:28Z" finished-at="2016-10-23T01:43:40Z">
          <reporter-output>
          </reporter-output>
        </test-method> <!-- bMet -->
        <test-method status="PASS" signature="tCase1()[pri:0, instance:testcases.TC_001@63753b6d]" name="tCase1" duration-ms="219" started-at="2016-10-23T01:43:40Z" finished-at="2016-10-23T01:43:40Z">
          <reporter-output>
          </reporter-output>
        </test-method> <!-- tCase1 -->
        <test-method status="PASS" signature="aMet()[pri:0, instance:testcases.TC_001@63753b6d]" name="aMet" is-config="true" duration-ms="1754" started-at="2016-10-23T01:43:40Z" finished-at="2016-10-23T01:43:42Z">
          <reporter-output>
          </reporter-output>
        </test-method> <!-- aMet -->
      </class> <!-- testcases.TC_001 -->
    </test> <!-- Test -->
  </suite> <!-- Suite -->
</testng-results>
